The system is: Linux - 5.19.0-46-generic - x86_64
Compiling the CXX compiler identification source file "CMakeCXXCompilerId.cpp" succeeded.
Compiler: /cptg/u4/jmschofi/.conda/envs/hmc/bin/x86_64-conda-linux-gnu-c++ 
Build flags: -fvisibility-inlines-hidden;-std=c++17;-fmessage-length=0;-march=nocona;-mtune=haswell;-ftree-vectorize;-fPIC;-fstack-protector-strong;-fno-plt;-O2;-ffunction-sections;-pipe;-isystem;/cptg/u4/jmschofi/.conda/envs/hmc/include;-Wall;-Wextra
Id flags:  

The output was:
0


Compilation of the CXX compiler identification source "CMakeCXXCompilerId.cpp" produced "a.out"

The CXX compiler identification is GNU, found in "/cptg/u4/jmschofi/students/vignesh/hybridmc/release/CMakeFiles/3.22.1/CompilerIdCXX/a.out"

Detecting CXX compiler ABI info compiled with the following output:
Change Dir: /cptg/u4/jmschofi/students/vignesh/hybridmc/release/CMakeFiles/CMakeTmp

Run Build Command(s):/cptg/u4/jmschofi/.conda/envs/hmc/bin/ninja cmTC_125e5 && [1/2] Building CXX object CMakeFiles/cmTC_125e5.dir/CMakeCXXCompilerABI.cpp.o
Reading specs from /nfs/cptg/u4/jmschofi/.conda/envs/hmc/bin/../lib/gcc/x86_64-conda-linux-gnu/11.2.0/specs
COLLECT_GCC=/cptg/u4/jmschofi/.conda/envs/hmc/bin/x86_64-conda-linux-gnu-c++
Target: x86_64-conda-linux-gnu
Configured with: /opt/conda/conda-bld/gcc-compiler_1654084175708/work/gcc/configure --build=x86_64-build_conda-linux-gnu --host=x86_64-build_conda-linux-gnu --target=x86_64-conda-linux-gnu --prefix=/opt/conda/conda-bld/gcc-compiler_1654084175708/work/gcc_built --exec_prefix=/opt/conda/conda-bld/gcc-compiler_1654084175708/work/gcc_built --with-sysroot=/opt/conda/conda-bld/gcc-compiler_1654084175708/work/gcc_built/x86_64-conda-linux-gnu/sysroot --with-local-prefix=/opt/conda/conda-bld/gcc-compiler_1654084175708/work/gcc_built/x86_64-conda-linux-gnu/sysroot --enable-long-long --disable-multilib --disable-nls --with-gmp=/opt/conda/conda-bld/gcc-compiler_1654084175708/work/buildtools --with-mpfr=/opt/conda/conda-bld/gcc-compiler_1654084175708/work/buildtools --with-mpc=/opt/conda/conda-bld/gcc-compiler_1654084175708/work/buildtools --with-isl=/opt/conda/conda-bld/gcc-compiler_1654084175708/work/buildtools --without-zstd --enable-languages=c,c++,fortran,objc,obj-c++ --enable-__cxa_atexit --disable-libmudflap --enable-libgomp --enable-libquadmath --enable-libquadmath-support --enable-libsanitizer --disable-libstdcxx-verbose --enable-lto --enable-libcc1 --enable-threads=posix --enable-plugin --with-pkgversion='Anaconda gcc' --enable-libmpx
Thread model: posix
Supported LTO compression algorithms: zlib
gcc version 11.2.0 (Anaconda gcc) 
COLLECT_GCC_OPTIONS='-fvisibility-inlines-hidden' '-std=c++17' '-fmessage-length=0' '-march=nocona' '-mtune=haswell' '-ftree-vectorize' '-fPIC' '-fstack-protector-strong' '-fno-plt' '-O2' '-ffunction-sections' '-pipe' '-isystem' '/cptg/u4/jmschofi/.conda/envs/hmc/include' '-Wall' '-Wextra' '-v' '-std=c++20' '-o' 'CMakeFiles/cmTC_125e5.dir/CMakeCXXCompilerABI.cpp.o' '-c' '-shared-libgcc' '-dumpdir' 'CMakeFiles/cmTC_125e5.dir/'
 /nfs/cptg/u4/jmschofi/.conda/envs/hmc/bin/../libexec/gcc/x86_64-conda-linux-gnu/11.2.0/cc1plus -quiet -v -iprefix /nfs/cptg/u4/jmschofi/.conda/envs/hmc/bin/../lib/gcc/x86_64-conda-linux-gnu/11.2.0/ -isysroot /nfs/cptg/u4/jmschofi/.conda/envs/hmc/bin/../x86_64-conda-linux-gnu/sysroot -D_GNU_SOURCE -isystem /cptg/u4/jmschofi/.conda/envs/hmc/include /cptg/u4/jmschofi/.conda/envs/hmc/share/cmake-3.22/Modules/CMakeCXXCompilerABI.cpp -quiet -dumpdir CMakeFiles/cmTC_125e5.dir/ -dumpbase CMakeCXXCompilerABI.cpp.cpp -dumpbase-ext .cpp -march=nocona -mtune=haswell -O2 -Wall -Wextra -std=c++17 -std=c++20 -version -fvisibility-inlines-hidden -fmessage-length=0 -ftree-vectorize -fPIC -fstack-protector-strong -fno-plt -ffunction-sections -o - |
 /nfs/cptg/u4/jmschofi/.conda/envs/hmc/bin/../lib/gcc/x86_64-conda-linux-gnu/11.2.0/../../../../x86_64-conda-linux-gnu/bin/as -v --64 -o CMakeFiles/cmTC_125e5.dir/CMakeCXXCompilerABI.cpp.o
GNU assembler version 2.38 (x86_64-conda-linux-gnu) using BFD version (Anaconda binutils) 2.38
GNU C++20 (Anaconda gcc) version 11.2.0 (x86_64-conda-linux-gnu)
	compiled by GNU C version 11.2.0, GMP version 6.2.1, MPFR version 4.1.0, MPC version 1.2.1, isl version isl-0.24-GMP

GGC heuristics: --param ggc-min-expand=100 --param ggc-min-heapsize=131072
ignoring duplicate directory "/nfs/cptg/u4/jmschofi/.conda/envs/hmc/bin/../lib/gcc/../../lib/gcc/x86_64-conda-linux-gnu/11.2.0/../../../../x86_64-conda-linux-gnu/include/c++/11.2.0"
ignoring duplicate directory "/nfs/cptg/u4/jmschofi/.conda/envs/hmc/bin/../lib/gcc/../../lib/gcc/x86_64-conda-linux-gnu/11.2.0/../../../../x86_64-conda-linux-gnu/include/c++/11.2.0/x86_64-conda-linux-gnu"
ignoring duplicate directory "/nfs/cptg/u4/jmschofi/.conda/envs/hmc/bin/../lib/gcc/../../lib/gcc/x86_64-conda-linux-gnu/11.2.0/../../../../x86_64-conda-linux-gnu/include/c++/11.2.0/backward"
ignoring duplicate directory "/nfs/cptg/u4/jmschofi/.conda/envs/hmc/bin/../lib/gcc/../../lib/gcc/x86_64-conda-linux-gnu/11.2.0/include"
ignoring nonexistent directory "/nfs/cptg/u4/jmschofi/.conda/envs/hmc/bin/../x86_64-conda-linux-gnu/sysroot/opt/conda/conda-bld/gcc-compiler_1654084175708/work/gcc_built/x86_64-conda-linux-gnu/sysroot/include"
ignoring duplicate directory "/nfs/cptg/u4/jmschofi/.conda/envs/hmc/bin/../lib/gcc/../../lib/gcc/x86_64-conda-linux-gnu/11.2.0/include-fixed"
ignoring duplicate directory "/nfs/cptg/u4/jmschofi/.conda/envs/hmc/bin/../lib/gcc/../../lib/gcc/x86_64-conda-linux-gnu/11.2.0/../../../../x86_64-conda-linux-gnu/include"
#include "..." search starts here:
#include <...> search starts here:
 /cptg/u4/jmschofi/.conda/envs/hmc/include
 /nfs/cptg/u4/jmschofi/.conda/envs/hmc/bin/../lib/gcc/x86_64-conda-linux-gnu/11.2.0/../../../../x86_64-conda-linux-gnu/include/c++/11.2.0
 /nfs/cptg/u4/jmschofi/.conda/envs/hmc/bin/../lib/gcc/x86_64-conda-linux-gnu/11.2.0/../../../../x86_64-conda-linux-gnu/include/c++/11.2.0/x86_64-conda-linux-gnu
 /nfs/cptg/u4/jmschofi/.conda/envs/hmc/bin/../lib/gcc/x86_64-conda-linux-gnu/11.2.0/../../../../x86_64-conda-linux-gnu/include/c++/11.2.0/backward
 /nfs/cptg/u4/jmschofi/.conda/envs/hmc/bin/../lib/gcc/x86_64-conda-linux-gnu/11.2.0/include
 /nfs/cptg/u4/jmschofi/.conda/envs/hmc/bin/../lib/gcc/x86_64-conda-linux-gnu/11.2.0/include-fixed
 /nfs/cptg/u4/jmschofi/.conda/envs/hmc/bin/../lib/gcc/x86_64-conda-linux-gnu/11.2.0/../../../../x86_64-conda-linux-gnu/include
 /nfs/cptg/u4/jmschofi/.conda/envs/hmc/bin/../x86_64-conda-linux-gnu/sysroot/usr/include
End of search list.
GNU C++20 (Anaconda gcc) version 11.2.0 (x86_64-conda-linux-gnu)
	compiled by GNU C version 11.2.0, GMP version 6.2.1, MPFR version 4.1.0, MPC version 1.2.1, isl version isl-0.24-GMP

GGC heuristics: --param ggc-min-expand=100 --param ggc-min-heapsize=131072
Compiler executable checksum: dcd220e6e6985dc6323f6310e48ad8dd
COMPILER_PATH=/nfs/cptg/u4/jmschofi/.conda/envs/hmc/bin/../libexec/gcc/x86_64-conda-linux-gnu/11.2.0/:/nfs/cptg/u4/jmschofi/.conda/envs/hmc/bin/../libexec/gcc/:/nfs/cptg/u4/jmschofi/.conda/envs/hmc/bin/../lib/gcc/x86_64-conda-linux-gnu/11.2.0/../../../../x86_64-conda-linux-gnu/bin/
LIBRARY_PATH=/nfs/cptg/u4/jmschofi/.conda/envs/hmc/bin/../lib/gcc/x86_64-conda-linux-gnu/11.2.0/:/nfs/cptg/u4/jmschofi/.conda/envs/hmc/bin/../lib/gcc/:/nfs/cptg/u4/jmschofi/.conda/envs/hmc/bin/../lib/gcc/x86_64-conda-linux-gnu/11.2.0/../../../../x86_64-conda-linux-gnu/lib/../lib64/:/nfs/cptg/u4/jmschofi/.conda/envs/hmc/bin/../x86_64-conda-linux-gnu/sysroot/lib/../lib64/:/nfs/cptg/u4/jmschofi/.conda/envs/hmc/bin/../x86_64-conda-linux-gnu/sysroot/usr/lib/../lib64/:/nfs/cptg/u4/jmschofi/.conda/envs/hmc/bin/../lib/gcc/x86_64-conda-linux-gnu/11.2.0/../../../../x86_64-conda-linux-gnu/lib/:/nfs/cptg/u4/jmschofi/.conda/envs/hmc/bin/../x86_64-conda-linux-gnu/sysroot/lib/:/nfs/cptg/u4/jmschofi/.conda/envs/hmc/bin/../x86_64-conda-linux-gnu/sysroot/usr/lib/
COLLECT_GCC_OPTIONS='-fvisibility-inlines-hidden' '-std=c++17' '-fmessage-length=0' '-march=nocona' '-mtune=haswell' '-ftree-vectorize' '-fPIC' '-fstack-protector-strong' '-fno-plt' '-O2' '-ffunction-sections' '-pipe' '-isystem' '/cptg/u4/jmschofi/.conda/envs/hmc/include' '-Wall' '-Wextra' '-v' '-std=c++20' '-o' 'CMakeFiles/cmTC_125e5.dir/CMakeCXXCompilerABI.cpp.o' '-c' '-shared-libgcc' '-dumpdir' 'CMakeFiles/cmTC_125e5.dir/CMakeCXXCompilerABI.cpp.'
[2/2] Linking CXX executable cmTC_125e5
Reading specs from /nfs/cptg/u4/jmschofi/.conda/envs/hmc/bin/../lib/gcc/x86_64-conda-linux-gnu/11.2.0/specs
COLLECT_GCC=/cptg/u4/jmschofi/.conda/envs/hmc/bin/x86_64-conda-linux-gnu-c++
COLLECT_LTO_WRAPPER=/nfs/cptg/u4/jmschofi/.conda/envs/hmc/bin/../libexec/gcc/x86_64-conda-linux-gnu/11.2.0/lto-wrapper
Target: x86_64-conda-linux-gnu
Configured with: /opt/conda/conda-bld/gcc-compiler_1654084175708/work/gcc/configure --build=x86_64-build_conda-linux-gnu --host=x86_64-build_conda-linux-gnu --target=x86_64-conda-linux-gnu --prefix=/opt/conda/conda-bld/gcc-compiler_1654084175708/work/gcc_built --exec_prefix=/opt/conda/conda-bld/gcc-compiler_1654084175708/work/gcc_built --with-sysroot=/opt/conda/conda-bld/gcc-compiler_1654084175708/work/gcc_built/x86_64-conda-linux-gnu/sysroot --with-local-prefix=/opt/conda/conda-bld/gcc-compiler_1654084175708/work/gcc_built/x86_64-conda-linux-gnu/sysroot --enable-long-long --disable-multilib --disable-nls --with-gmp=/opt/conda/conda-bld/gcc-compiler_1654084175708/work/buildtools --with-mpfr=/opt/conda/conda-bld/gcc-compiler_1654084175708/work/buildtools --with-mpc=/opt/conda/conda-bld/gcc-compiler_1654084175708/work/buildtools --with-isl=/opt/conda/conda-bld/gcc-compiler_1654084175708/work/buildtools --without-zstd --enable-languages=c,c++,fortran,objc,obj-c++ --enable-__cxa_atexit --disable-libmudflap --enable-libgomp --enable-libquadmath --enable-libquadmath-support --enable-libsanitizer --disable-libstdcxx-verbose --enable-lto --enable-libcc1 --enable-threads=posix --enable-plugin --with-pkgversion='Anaconda gcc' --enable-libmpx
Thread model: posix
Supported LTO compression algorithms: zlib
gcc version 11.2.0 (Anaconda gcc) 
COMPILER_PATH=/nfs/cptg/u4/jmschofi/.conda/envs/hmc/bin/../libexec/gcc/x86_64-conda-linux-gnu/11.2.0/:/nfs/cptg/u4/jmschofi/.conda/envs/hmc/bin/../libexec/gcc/:/nfs/cptg/u4/jmschofi/.conda/envs/hmc/bin/../lib/gcc/x86_64-conda-linux-gnu/11.2.0/../../../../x86_64-conda-linux-gnu/bin/
LIBRARY_PATH=/nfs/cptg/u4/jmschofi/.conda/envs/hmc/bin/../lib/gcc/x86_64-conda-linux-gnu/11.2.0/:/nfs/cptg/u4/jmschofi/.conda/envs/hmc/bin/../lib/gcc/:/nfs/cptg/u4/jmschofi/.conda/envs/hmc/bin/../lib/gcc/x86_64-conda-linux-gnu/11.2.0/../../../../x86_64-conda-linux-gnu/lib/../lib64/:/nfs/cptg/u4/jmschofi/.conda/envs/hmc/bin/../x86_64-conda-linux-gnu/sysroot/lib/../lib64/:/nfs/cptg/u4/jmschofi/.conda/envs/hmc/bin/../x86_64-conda-linux-gnu/sysroot/usr/lib/../lib64/:/nfs/cptg/u4/jmschofi/.conda/envs/hmc/bin/../lib/gcc/x86_64-conda-linux-gnu/11.2.0/../../../../x86_64-conda-linux-gnu/lib/:/nfs/cptg/u4/jmschofi/.conda/envs/hmc/bin/../x86_64-conda-linux-gnu/sysroot/lib/:/nfs/cptg/u4/jmschofi/.conda/envs/hmc/bin/../x86_64-conda-linux-gnu/sysroot/usr/lib/
COLLECT_GCC_OPTIONS='-fvisibility-inlines-hidden' '-std=c++17' '-fmessage-length=0' '-march=nocona' '-mtune=haswell' '-ftree-vectorize' '-fPIC' '-fstack-protector-strong' '-fno-plt' '-O2' '-ffunction-sections' '-pipe' '-isystem' '/cptg/u4/jmschofi/.conda/envs/hmc/include' '-Wall' '-Wextra' '-L/cptg/u4/jmschofi/.conda/envs/hmc/lib' '-v' '-o' 'cmTC_125e5' '-shared-libgcc' '-dumpdir' 'cmTC_125e5.'
 /nfs/cptg/u4/jmschofi/.conda/envs/hmc/bin/../libexec/gcc/x86_64-conda-linux-gnu/11.2.0/collect2 -plugin /nfs/cptg/u4/jmschofi/.conda/envs/hmc/bin/../libexec/gcc/x86_64-conda-linux-gnu/11.2.0/liblto_plugin.so -plugin-opt=/nfs/cptg/u4/jmschofi/.conda/envs/hmc/bin/../libexec/gcc/x86_64-conda-linux-gnu/11.2.0/lto-wrapper -plugin-opt=-fresolution=/tmp/cczSatDT.res -plugin-opt=-pass-through=-lgcc_s -plugin-opt=-pass-through=-lgcc -plugin-opt=-pass-through=-lc -plugin-opt=-pass-through=-lgcc_s -plugin-opt=-pass-through=-lgcc --sysroot=/nfs/cptg/u4/jmschofi/.conda/envs/hmc/bin/../x86_64-conda-linux-gnu/sysroot --eh-frame-hdr -m elf_x86_64 -dynamic-linker /lib64/ld-linux-x86-64.so.2 -o cmTC_125e5 /nfs/cptg/u4/jmschofi/.conda/envs/hmc/bin/../x86_64-conda-linux-gnu/sysroot/usr/lib/../lib64/crt1.o /nfs/cptg/u4/jmschofi/.conda/envs/hmc/bin/../x86_64-conda-linux-gnu/sysroot/usr/lib/../lib64/crti.o /nfs/cptg/u4/jmschofi/.conda/envs/hmc/bin/../lib/gcc/x86_64-conda-linux-gnu/11.2.0/crtbegin.o -L/cptg/u4/jmschofi/.conda/envs/hmc/lib -L/nfs/cptg/u4/jmschofi/.conda/envs/hmc/bin/../lib/gcc/x86_64-conda-linux-gnu/11.2.0 -L/nfs/cptg/u4/jmschofi/.conda/envs/hmc/bin/../lib/gcc -L/nfs/cptg/u4/jmschofi/.conda/envs/hmc/bin/../lib/gcc/x86_64-conda-linux-gnu/11.2.0/../../../../x86_64-conda-linux-gnu/lib/../lib64 -L/nfs/cptg/u4/jmschofi/.conda/envs/hmc/bin/../x86_64-conda-linux-gnu/sysroot/lib/../lib64 -L/nfs/cptg/u4/jmschofi/.conda/envs/hmc/bin/../x86_64-conda-linux-gnu/sysroot/usr/lib/../lib64 -L/nfs/cptg/u4/jmschofi/.conda/envs/hmc/bin/../lib/gcc/x86_64-conda-linux-gnu/11.2.0/../../../../x86_64-conda-linux-gnu/lib -L/nfs/cptg/u4/jmschofi/.conda/envs/hmc/bin/../x86_64-conda-linux-gnu/sysroot/lib -L/nfs/cptg/u4/jmschofi/.conda/envs/hmc/bin/../x86_64-conda-linux-gnu/sysroot/usr/lib -rpath /cptg/u4/jmschofi/.conda/envs/hmc/lib -O2 --sort-common --as-needed -z relro -z now --disable-new-dtags --gc-sections -rpath /cptg/u4/jmschofi/.conda/envs/hmc/lib -rpath-link /cptg/u4/jmschofi/.conda/envs/hmc/lib CMakeFiles/cmTC_125e5.dir/CMakeCXXCompilerABI.cpp.o -lstdc++ -lm -lgcc_s -lgcc -lc -lgcc_s -lgcc /nfs/cptg/u4/jmschofi/.conda/envs/hmc/bin/../lib/gcc/x86_64-conda-linux-gnu/11.2.0/crtend.o /nfs/cptg/u4/jmschofi/.conda/envs/hmc/bin/../x86_64-conda-linux-gnu/sysroot/usr/lib/../lib64/crtn.o
COLLECT_GCC_OPTIONS='-fvisibility-inlines-hidden' '-std=c++17' '-fmessage-length=0' '-march=nocona' '-mtune=haswell' '-ftree-vectorize' '-fPIC' '-fstack-protector-strong' '-fno-plt' '-O2' '-ffunction-sections' '-pipe' '-isystem' '/cptg/u4/jmschofi/.conda/envs/hmc/include' '-Wall' '-Wextra' '-L/cptg/u4/jmschofi/.conda/envs/hmc/lib' '-v' '-o' 'cmTC_125e5' '-shared-libgcc' '-dumpdir' 'cmTC_125e5.'



Parsed CXX implicit include dir info from above output: rv=done
  found start of include info
  found start of implicit include info
    add: [/cptg/u4/jmschofi/.conda/envs/hmc/include]
    add: [/nfs/cptg/u4/jmschofi/.conda/envs/hmc/bin/../lib/gcc/x86_64-conda-linux-gnu/11.2.0/../../../../x86_64-conda-linux-gnu/include/c++/11.2.0]
    add: [/nfs/cptg/u4/jmschofi/.conda/envs/hmc/bin/../lib/gcc/x86_64-conda-linux-gnu/11.2.0/../../../../x86_64-conda-linux-gnu/include/c++/11.2.0/x86_64-conda-linux-gnu]
    add: [/nfs/cptg/u4/jmschofi/.conda/envs/hmc/bin/../lib/gcc/x86_64-conda-linux-gnu/11.2.0/../../../../x86_64-conda-linux-gnu/include/c++/11.2.0/backward]
    add: [/nfs/cptg/u4/jmschofi/.conda/envs/hmc/bin/../lib/gcc/x86_64-conda-linux-gnu/11.2.0/include]
    add: [/nfs/cptg/u4/jmschofi/.conda/envs/hmc/bin/../lib/gcc/x86_64-conda-linux-gnu/11.2.0/include-fixed]
    add: [/nfs/cptg/u4/jmschofi/.conda/envs/hmc/bin/../lib/gcc/x86_64-conda-linux-gnu/11.2.0/../../../../x86_64-conda-linux-gnu/include]
    add: [/nfs/cptg/u4/jmschofi/.conda/envs/hmc/bin/../x86_64-conda-linux-gnu/sysroot/usr/include]
  end of search list found
  collapse include dir [/cptg/u4/jmschofi/.conda/envs/hmc/include] ==> [/cptg/u4/jmschofi/.conda/envs/hmc/include]
  collapse include dir [/nfs/cptg/u4/jmschofi/.conda/envs/hmc/bin/../lib/gcc/x86_64-conda-linux-gnu/11.2.0/../../../../x86_64-conda-linux-gnu/include/c++/11.2.0] ==> [/cptg/u4/jmschofi/.conda/envs/hmc/x86_64-conda-linux-gnu/include/c++/11.2.0]
  collapse include dir [/nfs/cptg/u4/jmschofi/.conda/envs/hmc/bin/../lib/gcc/x86_64-conda-linux-gnu/11.2.0/../../../../x86_64-conda-linux-gnu/include/c++/11.2.0/x86_64-conda-linux-gnu] ==> [/cptg/u4/jmschofi/.conda/envs/hmc/x86_64-conda-linux-gnu/include/c++/11.2.0/x86_64-conda-linux-gnu]
  collapse include dir [/nfs/cptg/u4/jmschofi/.conda/envs/hmc/bin/../lib/gcc/x86_64-conda-linux-gnu/11.2.0/../../../../x86_64-conda-linux-gnu/include/c++/11.2.0/backward] ==> [/cptg/u4/jmschofi/.conda/envs/hmc/x86_64-conda-linux-gnu/include/c++/11.2.0/backward]
  collapse include dir [/nfs/cptg/u4/jmschofi/.conda/envs/hmc/bin/../lib/gcc/x86_64-conda-linux-gnu/11.2.0/include] ==> [/cptg/u4/jmschofi/.conda/envs/hmc/lib/gcc/x86_64-conda-linux-gnu/11.2.0/include]
  collapse include dir [/nfs/cptg/u4/jmschofi/.conda/envs/hmc/bin/../lib/gcc/x86_64-conda-linux-gnu/11.2.0/include-fixed] ==> [/cptg/u4/jmschofi/.conda/envs/hmc/lib/gcc/x86_64-conda-linux-gnu/11.2.0/include-fixed]
  collapse include dir [/nfs/cptg/u4/jmschofi/.conda/envs/hmc/bin/../lib/gcc/x86_64-conda-linux-gnu/11.2.0/../../../../x86_64-conda-linux-gnu/include] ==> [/cptg/u4/jmschofi/.conda/envs/hmc/x86_64-conda-linux-gnu/include]
  collapse include dir [/nfs/cptg/u4/jmschofi/.conda/envs/hmc/bin/../x86_64-conda-linux-gnu/sysroot/usr/include] ==> [/cptg/u4/jmschofi/.conda/envs/hmc/x86_64-conda-linux-gnu/sysroot/usr/include]
  implicit include dirs: [/cptg/u4/jmschofi/.conda/envs/hmc/include;/cptg/u4/jmschofi/.conda/envs/hmc/x86_64-conda-linux-gnu/include/c++/11.2.0;/cptg/u4/jmschofi/.conda/envs/hmc/x86_64-conda-linux-gnu/include/c++/11.2.0/x86_64-conda-linux-gnu;/cptg/u4/jmschofi/.conda/envs/hmc/x86_64-conda-linux-gnu/include/c++/11.2.0/backward;/cptg/u4/jmschofi/.conda/envs/hmc/lib/gcc/x86_64-conda-linux-gnu/11.2.0/include;/cptg/u4/jmschofi/.conda/envs/hmc/lib/gcc/x86_64-conda-linux-gnu/11.2.0/include-fixed;/cptg/u4/jmschofi/.conda/envs/hmc/x86_64-conda-linux-gnu/include;/cptg/u4/jmschofi/.conda/envs/hmc/x86_64-conda-linux-gnu/sysroot/usr/include]


Parsed CXX implicit link information from above output:
  link line regex: [^( *|.*[/\])(x86_64-conda-linux-gnu-ld|CMAKE_LINK_STARTFILE-NOTFOUND|([^/\]+-)?ld|collect2)[^/\]*( |$)]
  ignore line: [Change Dir: /cptg/u4/jmschofi/students/vignesh/hybridmc/release/CMakeFiles/CMakeTmp]
  ignore line: []
  ignore line: [Run Build Command(s):/cptg/u4/jmschofi/.conda/envs/hmc/bin/ninja cmTC_125e5 && [1/2] Building CXX object CMakeFiles/cmTC_125e5.dir/CMakeCXXCompilerABI.cpp.o]
  ignore line: [Reading specs from /nfs/cptg/u4/jmschofi/.conda/envs/hmc/bin/../lib/gcc/x86_64-conda-linux-gnu/11.2.0/specs]
  ignore line: [COLLECT_GCC=/cptg/u4/jmschofi/.conda/envs/hmc/bin/x86_64-conda-linux-gnu-c++]
  ignore line: [Target: x86_64-conda-linux-gnu]
  ignore line: [Configured with: /opt/conda/conda-bld/gcc-compiler_1654084175708/work/gcc/configure --build=x86_64-build_conda-linux-gnu --host=x86_64-build_conda-linux-gnu --target=x86_64-conda-linux-gnu --prefix=/opt/conda/conda-bld/gcc-compiler_1654084175708/work/gcc_built --exec_prefix=/opt/conda/conda-bld/gcc-compiler_1654084175708/work/gcc_built --with-sysroot=/opt/conda/conda-bld/gcc-compiler_1654084175708/work/gcc_built/x86_64-conda-linux-gnu/sysroot --with-local-prefix=/opt/conda/conda-bld/gcc-compiler_1654084175708/work/gcc_built/x86_64-conda-linux-gnu/sysroot --enable-long-long --disable-multilib --disable-nls --with-gmp=/opt/conda/conda-bld/gcc-compiler_1654084175708/work/buildtools --with-mpfr=/opt/conda/conda-bld/gcc-compiler_1654084175708/work/buildtools --with-mpc=/opt/conda/conda-bld/gcc-compiler_1654084175708/work/buildtools --with-isl=/opt/conda/conda-bld/gcc-compiler_1654084175708/work/buildtools --without-zstd --enable-languages=c c++ fortran objc obj-c++ --enable-__cxa_atexit --disable-libmudflap --enable-libgomp --enable-libquadmath --enable-libquadmath-support --enable-libsanitizer --disable-libstdcxx-verbose --enable-lto --enable-libcc1 --enable-threads=posix --enable-plugin --with-pkgversion='Anaconda gcc' --enable-libmpx]
  ignore line: [Thread model: posix]
  ignore line: [Supported LTO compression algorithms: zlib]
  ignore line: [gcc version 11.2.0 (Anaconda gcc) ]
  ignore line: [COLLECT_GCC_OPTIONS='-fvisibility-inlines-hidden' '-std=c++17' '-fmessage-length=0' '-march=nocona' '-mtune=haswell' '-ftree-vectorize' '-fPIC' '-fstack-protector-strong' '-fno-plt' '-O2' '-ffunction-sections' '-pipe' '-isystem' '/cptg/u4/jmschofi/.conda/envs/hmc/include' '-Wall' '-Wextra' '-v' '-std=c++20' '-o' 'CMakeFiles/cmTC_125e5.dir/CMakeCXXCompilerABI.cpp.o' '-c' '-shared-libgcc' '-dumpdir' 'CMakeFiles/cmTC_125e5.dir/']
  ignore line: [ /nfs/cptg/u4/jmschofi/.conda/envs/hmc/bin/../libexec/gcc/x86_64-conda-linux-gnu/11.2.0/cc1plus -quiet -v -iprefix /nfs/cptg/u4/jmschofi/.conda/envs/hmc/bin/../lib/gcc/x86_64-conda-linux-gnu/11.2.0/ -isysroot /nfs/cptg/u4/jmschofi/.conda/envs/hmc/bin/../x86_64-conda-linux-gnu/sysroot -D_GNU_SOURCE -isystem /cptg/u4/jmschofi/.conda/envs/hmc/include /cptg/u4/jmschofi/.conda/envs/hmc/share/cmake-3.22/Modules/CMakeCXXCompilerABI.cpp -quiet -dumpdir CMakeFiles/cmTC_125e5.dir/ -dumpbase CMakeCXXCompilerABI.cpp.cpp -dumpbase-ext .cpp -march=nocona -mtune=haswell -O2 -Wall -Wextra -std=c++17 -std=c++20 -version -fvisibility-inlines-hidden -fmessage-length=0 -ftree-vectorize -fPIC -fstack-protector-strong -fno-plt -ffunction-sections -o - |]
  ignore line: [ /nfs/cptg/u4/jmschofi/.conda/envs/hmc/bin/../lib/gcc/x86_64-conda-linux-gnu/11.2.0/../../../../x86_64-conda-linux-gnu/bin/as -v --64 -o CMakeFiles/cmTC_125e5.dir/CMakeCXXCompilerABI.cpp.o]
  ignore line: [GNU assembler version 2.38 (x86_64-conda-linux-gnu) using BFD version (Anaconda binutils) 2.38]
  ignore line: [GNU C++20 (Anaconda gcc) version 11.2.0 (x86_64-conda-linux-gnu)]
  ignore line: [	compiled by GNU C version 11.2.0  GMP version 6.2.1  MPFR version 4.1.0  MPC version 1.2.1  isl version isl-0.24-GMP]
  ignore line: []
  ignore line: [GGC heuristics: --param ggc-min-expand=100 --param ggc-min-heapsize=131072]
  ignore line: [ignoring duplicate directory "/nfs/cptg/u4/jmschofi/.conda/envs/hmc/bin/../lib/gcc/../../lib/gcc/x86_64-conda-linux-gnu/11.2.0/../../../../x86_64-conda-linux-gnu/include/c++/11.2.0"]
  ignore line: [ignoring duplicate directory "/nfs/cptg/u4/jmschofi/.conda/envs/hmc/bin/../lib/gcc/../../lib/gcc/x86_64-conda-linux-gnu/11.2.0/../../../../x86_64-conda-linux-gnu/include/c++/11.2.0/x86_64-conda-linux-gnu"]
  ignore line: [ignoring duplicate directory "/nfs/cptg/u4/jmschofi/.conda/envs/hmc/bin/../lib/gcc/../../lib/gcc/x86_64-conda-linux-gnu/11.2.0/../../../../x86_64-conda-linux-gnu/include/c++/11.2.0/backward"]
  ignore line: [ignoring duplicate directory "/nfs/cptg/u4/jmschofi/.conda/envs/hmc/bin/../lib/gcc/../../lib/gcc/x86_64-conda-linux-gnu/11.2.0/include"]
  ignore line: [ignoring nonexistent directory "/nfs/cptg/u4/jmschofi/.conda/envs/hmc/bin/../x86_64-conda-linux-gnu/sysroot/opt/conda/conda-bld/gcc-compiler_1654084175708/work/gcc_built/x86_64-conda-linux-gnu/sysroot/include"]
  ignore line: [ignoring duplicate directory "/nfs/cptg/u4/jmschofi/.conda/envs/hmc/bin/../lib/gcc/../../lib/gcc/x86_64-conda-linux-gnu/11.2.0/include-fixed"]
  ignore line: [ignoring duplicate directory "/nfs/cptg/u4/jmschofi/.conda/envs/hmc/bin/../lib/gcc/../../lib/gcc/x86_64-conda-linux-gnu/11.2.0/../../../../x86_64-conda-linux-gnu/include"]
  ignore line: [#include "..." search starts here:]
  ignore line: [#include <...> search starts here:]
  ignore line: [ /cptg/u4/jmschofi/.conda/envs/hmc/include]
  ignore line: [ /nfs/cptg/u4/jmschofi/.conda/envs/hmc/bin/../lib/gcc/x86_64-conda-linux-gnu/11.2.0/../../../../x86_64-conda-linux-gnu/include/c++/11.2.0]
  ignore line: [ /nfs/cptg/u4/jmschofi/.conda/envs/hmc/bin/../lib/gcc/x86_64-conda-linux-gnu/11.2.0/../../../../x86_64-conda-linux-gnu/include/c++/11.2.0/x86_64-conda-linux-gnu]
  ignore line: [ /nfs/cptg/u4/jmschofi/.conda/envs/hmc/bin/../lib/gcc/x86_64-conda-linux-gnu/11.2.0/../../../../x86_64-conda-linux-gnu/include/c++/11.2.0/backward]
  ignore line: [ /nfs/cptg/u4/jmschofi/.conda/envs/hmc/bin/../lib/gcc/x86_64-conda-linux-gnu/11.2.0/include]
  ignore line: [ /nfs/cptg/u4/jmschofi/.conda/envs/hmc/bin/../lib/gcc/x86_64-conda-linux-gnu/11.2.0/include-fixed]
  ignore line: [ /nfs/cptg/u4/jmschofi/.conda/envs/hmc/bin/../lib/gcc/x86_64-conda-linux-gnu/11.2.0/../../../../x86_64-conda-linux-gnu/include]
  ignore line: [ /nfs/cptg/u4/jmschofi/.conda/envs/hmc/bin/../x86_64-conda-linux-gnu/sysroot/usr/include]
  ignore line: [End of search list.]
  ignore line: [GNU C++20 (Anaconda gcc) version 11.2.0 (x86_64-conda-linux-gnu)]
  ignore line: [	compiled by GNU C version 11.2.0  GMP version 6.2.1  MPFR version 4.1.0  MPC version 1.2.1  isl version isl-0.24-GMP]
  ignore line: []
  ignore line: [GGC heuristics: --param ggc-min-expand=100 --param ggc-min-heapsize=131072]
  ignore line: [Compiler executable checksum: dcd220e6e6985dc6323f6310e48ad8dd]
  ignore line: [COMPILER_PATH=/nfs/cptg/u4/jmschofi/.conda/envs/hmc/bin/../libexec/gcc/x86_64-conda-linux-gnu/11.2.0/:/nfs/cptg/u4/jmschofi/.conda/envs/hmc/bin/../libexec/gcc/:/nfs/cptg/u4/jmschofi/.conda/envs/hmc/bin/../lib/gcc/x86_64-conda-linux-gnu/11.2.0/../../../../x86_64-conda-linux-gnu/bin/]
  ignore line: [LIBRARY_PATH=/nfs/cptg/u4/jmschofi/.conda/envs/hmc/bin/../lib/gcc/x86_64-conda-linux-gnu/11.2.0/:/nfs/cptg/u4/jmschofi/.conda/envs/hmc/bin/../lib/gcc/:/nfs/cptg/u4/jmschofi/.conda/envs/hmc/bin/../lib/gcc/x86_64-conda-linux-gnu/11.2.0/../../../../x86_64-conda-linux-gnu/lib/../lib64/:/nfs/cptg/u4/jmschofi/.conda/envs/hmc/bin/../x86_64-conda-linux-gnu/sysroot/lib/../lib64/:/nfs/cptg/u4/jmschofi/.conda/envs/hmc/bin/../x86_64-conda-linux-gnu/sysroot/usr/lib/../lib64/:/nfs/cptg/u4/jmschofi/.conda/envs/hmc/bin/../lib/gcc/x86_64-conda-linux-gnu/11.2.0/../../../../x86_64-conda-linux-gnu/lib/:/nfs/cptg/u4/jmschofi/.conda/envs/hmc/bin/../x86_64-conda-linux-gnu/sysroot/lib/:/nfs/cptg/u4/jmschofi/.conda/envs/hmc/bin/../x86_64-conda-linux-gnu/sysroot/usr/lib/]
  ignore line: [COLLECT_GCC_OPTIONS='-fvisibility-inlines-hidden' '-std=c++17' '-fmessage-length=0' '-march=nocona' '-mtune=haswell' '-ftree-vectorize' '-fPIC' '-fstack-protector-strong' '-fno-plt' '-O2' '-ffunction-sections' '-pipe' '-isystem' '/cptg/u4/jmschofi/.conda/envs/hmc/include' '-Wall' '-Wextra' '-v' '-std=c++20' '-o' 'CMakeFiles/cmTC_125e5.dir/CMakeCXXCompilerABI.cpp.o' '-c' '-shared-libgcc' '-dumpdir' 'CMakeFiles/cmTC_125e5.dir/CMakeCXXCompilerABI.cpp.']
  ignore line: [[2/2] Linking CXX executable cmTC_125e5]
  ignore line: [Reading specs from /nfs/cptg/u4/jmschofi/.conda/envs/hmc/bin/../lib/gcc/x86_64-conda-linux-gnu/11.2.0/specs]
  ignore line: [COLLECT_GCC=/cptg/u4/jmschofi/.conda/envs/hmc/bin/x86_64-conda-linux-gnu-c++]
  ignore line: [COLLECT_LTO_WRAPPER=/nfs/cptg/u4/jmschofi/.conda/envs/hmc/bin/../libexec/gcc/x86_64-conda-linux-gnu/11.2.0/lto-wrapper]
  ignore line: [Target: x86_64-conda-linux-gnu]
  ignore line: [Configured with: /opt/conda/conda-bld/gcc-compiler_1654084175708/work/gcc/configure --build=x86_64-build_conda-linux-gnu --host=x86_64-build_conda-linux-gnu --target=x86_64-conda-linux-gnu --prefix=/opt/conda/conda-bld/gcc-compiler_1654084175708/work/gcc_built --exec_prefix=/opt/conda/conda-bld/gcc-compiler_1654084175708/work/gcc_built --with-sysroot=/opt/conda/conda-bld/gcc-compiler_1654084175708/work/gcc_built/x86_64-conda-linux-gnu/sysroot --with-local-prefix=/opt/conda/conda-bld/gcc-compiler_1654084175708/work/gcc_built/x86_64-conda-linux-gnu/sysroot --enable-long-long --disable-multilib --disable-nls --with-gmp=/opt/conda/conda-bld/gcc-compiler_1654084175708/work/buildtools --with-mpfr=/opt/conda/conda-bld/gcc-compiler_1654084175708/work/buildtools --with-mpc=/opt/conda/conda-bld/gcc-compiler_1654084175708/work/buildtools --with-isl=/opt/conda/conda-bld/gcc-compiler_1654084175708/work/buildtools --without-zstd --enable-languages=c c++ fortran objc obj-c++ --enable-__cxa_atexit --disable-libmudflap --enable-libgomp --enable-libquadmath --enable-libquadmath-support --enable-libsanitizer --disable-libstdcxx-verbose --enable-lto --enable-libcc1 --enable-threads=posix --enable-plugin --with-pkgversion='Anaconda gcc' --enable-libmpx]
  ignore line: [Thread model: posix]
  ignore line: [Supported LTO compression algorithms: zlib]
  ignore line: [gcc version 11.2.0 (Anaconda gcc) ]
  ignore line: [COMPILER_PATH=/nfs/cptg/u4/jmschofi/.conda/envs/hmc/bin/../libexec/gcc/x86_64-conda-linux-gnu/11.2.0/:/nfs/cptg/u4/jmschofi/.conda/envs/hmc/bin/../libexec/gcc/:/nfs/cptg/u4/jmschofi/.conda/envs/hmc/bin/../lib/gcc/x86_64-conda-linux-gnu/11.2.0/../../../../x86_64-conda-linux-gnu/bin/]
  ignore line: [LIBRARY_PATH=/nfs/cptg/u4/jmschofi/.conda/envs/hmc/bin/../lib/gcc/x86_64-conda-linux-gnu/11.2.0/:/nfs/cptg/u4/jmschofi/.conda/envs/hmc/bin/../lib/gcc/:/nfs/cptg/u4/jmschofi/.conda/envs/hmc/bin/../lib/gcc/x86_64-conda-linux-gnu/11.2.0/../../../../x86_64-conda-linux-gnu/lib/../lib64/:/nfs/cptg/u4/jmschofi/.conda/envs/hmc/bin/../x86_64-conda-linux-gnu/sysroot/lib/../lib64/:/nfs/cptg/u4/jmschofi/.conda/envs/hmc/bin/../x86_64-conda-linux-gnu/sysroot/usr/lib/../lib64/:/nfs/cptg/u4/jmschofi/.conda/envs/hmc/bin/../lib/gcc/x86_64-conda-linux-gnu/11.2.0/../../../../x86_64-conda-linux-gnu/lib/:/nfs/cptg/u4/jmschofi/.conda/envs/hmc/bin/../x86_64-conda-linux-gnu/sysroot/lib/:/nfs/cptg/u4/jmschofi/.conda/envs/hmc/bin/../x86_64-conda-linux-gnu/sysroot/usr/lib/]
  ignore line: [COLLECT_GCC_OPTIONS='-fvisibility-inlines-hidden' '-std=c++17' '-fmessage-length=0' '-march=nocona' '-mtune=haswell' '-ftree-vectorize' '-fPIC' '-fstack-protector-strong' '-fno-plt' '-O2' '-ffunction-sections' '-pipe' '-isystem' '/cptg/u4/jmschofi/.conda/envs/hmc/include' '-Wall' '-Wextra' '-L/cptg/u4/jmschofi/.conda/envs/hmc/lib' '-v' '-o' 'cmTC_125e5' '-shared-libgcc' '-dumpdir' 'cmTC_125e5.']
  link line: [ /nfs/cptg/u4/jmschofi/.conda/envs/hmc/bin/../libexec/gcc/x86_64-conda-linux-gnu/11.2.0/collect2 -plugin /nfs/cptg/u4/jmschofi/.conda/envs/hmc/bin/../libexec/gcc/x86_64-conda-linux-gnu/11.2.0/liblto_plugin.so -plugin-opt=/nfs/cptg/u4/jmschofi/.conda/envs/hmc/bin/../libexec/gcc/x86_64-conda-linux-gnu/11.2.0/lto-wrapper -plugin-opt=-fresolution=/tmp/cczSatDT.res -plugin-opt=-pass-through=-lgcc_s -plugin-opt=-pass-through=-lgcc -plugin-opt=-pass-through=-lc -plugin-opt=-pass-through=-lgcc_s -plugin-opt=-pass-through=-lgcc --sysroot=/nfs/cptg/u4/jmschofi/.conda/envs/hmc/bin/../x86_64-conda-linux-gnu/sysroot --eh-frame-hdr -m elf_x86_64 -dynamic-linker /lib64/ld-linux-x86-64.so.2 -o cmTC_125e5 /nfs/cptg/u4/jmschofi/.conda/envs/hmc/bin/../x86_64-conda-linux-gnu/sysroot/usr/lib/../lib64/crt1.o /nfs/cptg/u4/jmschofi/.conda/envs/hmc/bin/../x86_64-conda-linux-gnu/sysroot/usr/lib/../lib64/crti.o /nfs/cptg/u4/jmschofi/.conda/envs/hmc/bin/../lib/gcc/x86_64-conda-linux-gnu/11.2.0/crtbegin.o -L/cptg/u4/jmschofi/.conda/envs/hmc/lib -L/nfs/cptg/u4/jmschofi/.conda/envs/hmc/bin/../lib/gcc/x86_64-conda-linux-gnu/11.2.0 -L/nfs/cptg/u4/jmschofi/.conda/envs/hmc/bin/../lib/gcc -L/nfs/cptg/u4/jmschofi/.conda/envs/hmc/bin/../lib/gcc/x86_64-conda-linux-gnu/11.2.0/../../../../x86_64-conda-linux-gnu/lib/../lib64 -L/nfs/cptg/u4/jmschofi/.conda/envs/hmc/bin/../x86_64-conda-linux-gnu/sysroot/lib/../lib64 -L/nfs/cptg/u4/jmschofi/.conda/envs/hmc/bin/../x86_64-conda-linux-gnu/sysroot/usr/lib/../lib64 -L/nfs/cptg/u4/jmschofi/.conda/envs/hmc/bin/../lib/gcc/x86_64-conda-linux-gnu/11.2.0/../../../../x86_64-conda-linux-gnu/lib -L/nfs/cptg/u4/jmschofi/.conda/envs/hmc/bin/../x86_64-conda-linux-gnu/sysroot/lib -L/nfs/cptg/u4/jmschofi/.conda/envs/hmc/bin/../x86_64-conda-linux-gnu/sysroot/usr/lib -rpath /cptg/u4/jmschofi/.conda/envs/hmc/lib -O2 --sort-common --as-needed -z relro -z now --disable-new-dtags --gc-sections -rpath /cptg/u4/jmschofi/.conda/envs/hmc/lib -rpath-link /cptg/u4/jmschofi/.conda/envs/hmc/lib CMakeFiles/cmTC_125e5.dir/CMakeCXXCompilerABI.cpp.o -lstdc++ -lm -lgcc_s -lgcc -lc -lgcc_s -lgcc /nfs/cptg/u4/jmschofi/.conda/envs/hmc/bin/../lib/gcc/x86_64-conda-linux-gnu/11.2.0/crtend.o /nfs/cptg/u4/jmschofi/.conda/envs/hmc/bin/../x86_64-conda-linux-gnu/sysroot/usr/lib/../lib64/crtn.o]
    arg [/nfs/cptg/u4/jmschofi/.conda/envs/hmc/bin/../libexec/gcc/x86_64-conda-linux-gnu/11.2.0/collect2] ==> ignore
    arg [-plugin] ==> ignore
    arg [/nfs/cptg/u4/jmschofi/.conda/envs/hmc/bin/../libexec/gcc/x86_64-conda-linux-gnu/11.2.0/liblto_plugin.so] ==> ignore
    arg [-plugin-opt=/nfs/cptg/u4/jmschofi/.conda/envs/hmc/bin/../libexec/gcc/x86_64-conda-linux-gnu/11.2.0/lto-wrapper] ==> ignore
    arg [-plugin-opt=-fresolution=/tmp/cczSatDT.res] ==> ignore
    arg [-plugin-opt=-pass-through=-lgcc_s] ==> ignore
    arg [-plugin-opt=-pass-through=-lgcc] ==> ignore
    arg [-plugin-opt=-pass-through=-lc] ==> ignore
    arg [-plugin-opt=-pass-through=-lgcc_s] ==> ignore
    arg [-plugin-opt=-pass-through=-lgcc] ==> ignore
    arg [--sysroot=/nfs/cptg/u4/jmschofi/.conda/envs/hmc/bin/../x86_64-conda-linux-gnu/sysroot] ==> ignore
    arg [--eh-frame-hdr] ==> ignore
    arg [-m] ==> ignore
    arg [elf_x86_64] ==> ignore
    arg [-dynamic-linker] ==> ignore
    arg [/lib64/ld-linux-x86-64.so.2] ==> ignore
    arg [-o] ==> ignore
    arg [cmTC_125e5] ==> ignore
    arg [/nfs/cptg/u4/jmschofi/.conda/envs/hmc/bin/../x86_64-conda-linux-gnu/sysroot/usr/lib/../lib64/crt1.o] ==> obj [/nfs/cptg/u4/jmschofi/.conda/envs/hmc/bin/../x86_64-conda-linux-gnu/sysroot/usr/lib/../lib64/crt1.o]
    arg [/nfs/cptg/u4/jmschofi/.conda/envs/hmc/bin/../x86_64-conda-linux-gnu/sysroot/usr/lib/../lib64/crti.o] ==> obj [/nfs/cptg/u4/jmschofi/.conda/envs/hmc/bin/../x86_64-conda-linux-gnu/sysroot/usr/lib/../lib64/crti.o]
    arg [/nfs/cptg/u4/jmschofi/.conda/envs/hmc/bin/../lib/gcc/x86_64-conda-linux-gnu/11.2.0/crtbegin.o] ==> obj [/nfs/cptg/u4/jmschofi/.conda/envs/hmc/bin/../lib/gcc/x86_64-conda-linux-gnu/11.2.0/crtbegin.o]
    arg [-L/cptg/u4/jmschofi/.conda/envs/hmc/lib] ==> dir [/cptg/u4/jmschofi/.conda/envs/hmc/lib]
    arg [-L/nfs/cptg/u4/jmschofi/.conda/envs/hmc/bin/../lib/gcc/x86_64-conda-linux-gnu/11.2.0] ==> dir [/nfs/cptg/u4/jmschofi/.conda/envs/hmc/bin/../lib/gcc/x86_64-conda-linux-gnu/11.2.0]
    arg [-L/nfs/cptg/u4/jmschofi/.conda/envs/hmc/bin/../lib/gcc] ==> dir [/nfs/cptg/u4/jmschofi/.conda/envs/hmc/bin/../lib/gcc]
    arg [-L/nfs/cptg/u4/jmschofi/.conda/envs/hmc/bin/../lib/gcc/x86_64-conda-linux-gnu/11.2.0/../../../../x86_64-conda-linux-gnu/lib/../lib64] ==> dir [/nfs/cptg/u4/jmschofi/.conda/envs/hmc/bin/../lib/gcc/x86_64-conda-linux-gnu/11.2.0/../../../../x86_64-conda-linux-gnu/lib/../lib64]
    arg [-L/nfs/cptg/u4/jmschofi/.conda/envs/hmc/bin/../x86_64-conda-linux-gnu/sysroot/lib/../lib64] ==> dir [/nfs/cptg/u4/jmschofi/.conda/envs/hmc/bin/../x86_64-conda-linux-gnu/sysroot/lib/../lib64]
    arg [-L/nfs/cptg/u4/jmschofi/.conda/envs/hmc/bin/../x86_64-conda-linux-gnu/sysroot/usr/lib/../lib64] ==> dir [/nfs/cptg/u4/jmschofi/.conda/envs/hmc/bin/../x86_64-conda-linux-gnu/sysroot/usr/lib/../lib64]
    arg [-L/nfs/cptg/u4/jmschofi/.conda/envs/hmc/bin/../lib/gcc/x86_64-conda-linux-gnu/11.2.0/../../../../x86_64-conda-linux-gnu/lib] ==> dir [/nfs/cptg/u4/jmschofi/.conda/envs/hmc/bin/../lib/gcc/x86_64-conda-linux-gnu/11.2.0/../../../../x86_64-conda-linux-gnu/lib]
    arg [-L/nfs/cptg/u4/jmschofi/.conda/envs/hmc/bin/../x86_64-conda-linux-gnu/sysroot/lib] ==> dir [/nfs/cptg/u4/jmschofi/.conda/envs/hmc/bin/../x86_64-conda-linux-gnu/sysroot/lib]
    arg [-L/nfs/cptg/u4/jmschofi/.conda/envs/hmc/bin/../x86_64-conda-linux-gnu/sysroot/usr/lib] ==> dir [/nfs/cptg/u4/jmschofi/.conda/envs/hmc/bin/../x86_64-conda-linux-gnu/sysroot/usr/lib]
    arg [-rpath] ==> ignore
    arg [/cptg/u4/jmschofi/.conda/envs/hmc/lib] ==> ignore
    arg [-O2] ==> ignore
    arg [--sort-common] ==> ignore
    arg [--as-needed] ==> ignore
    arg [-zrelro] ==> ignore
    arg [-znow] ==> ignore
    arg [--disable-new-dtags] ==> ignore
    arg [--gc-sections] ==> ignore
    arg [-rpath] ==> ignore
    arg [/cptg/u4/jmschofi/.conda/envs/hmc/lib] ==> ignore
    arg [-rpath-link] ==> ignore
    arg [/cptg/u4/jmschofi/.conda/envs/hmc/lib] ==> ignore
    arg [CMakeFiles/cmTC_125e5.dir/CMakeCXXCompilerABI.cpp.o] ==> ignore
    arg [-lstdc++] ==> lib [stdc++]
    arg [-lm] ==> lib [m]
    arg [-lgcc_s] ==> lib [gcc_s]
    arg [-lgcc] ==> lib [gcc]
    arg [-lc] ==> lib [c]
    arg [-lgcc_s] ==> lib [gcc_s]
    arg [-lgcc] ==> lib [gcc]
    arg [/nfs/cptg/u4/jmschofi/.conda/envs/hmc/bin/../lib/gcc/x86_64-conda-linux-gnu/11.2.0/crtend.o] ==> obj [/nfs/cptg/u4/jmschofi/.conda/envs/hmc/bin/../lib/gcc/x86_64-conda-linux-gnu/11.2.0/crtend.o]
    arg [/nfs/cptg/u4/jmschofi/.conda/envs/hmc/bin/../x86_64-conda-linux-gnu/sysroot/usr/lib/../lib64/crtn.o] ==> obj [/nfs/cptg/u4/jmschofi/.conda/envs/hmc/bin/../x86_64-conda-linux-gnu/sysroot/usr/lib/../lib64/crtn.o]
  collapse obj [/nfs/cptg/u4/jmschofi/.conda/envs/hmc/bin/../x86_64-conda-linux-gnu/sysroot/usr/lib/../lib64/crt1.o] ==> [/cptg/u4/jmschofi/.conda/envs/hmc/x86_64-conda-linux-gnu/sysroot/usr/lib64/crt1.o]
  collapse obj [/nfs/cptg/u4/jmschofi/.conda/envs/hmc/bin/../x86_64-conda-linux-gnu/sysroot/usr/lib/../lib64/crti.o] ==> [/cptg/u4/jmschofi/.conda/envs/hmc/x86_64-conda-linux-gnu/sysroot/usr/lib64/crti.o]
  collapse obj [/nfs/cptg/u4/jmschofi/.conda/envs/hmc/bin/../lib/gcc/x86_64-conda-linux-gnu/11.2.0/crtbegin.o] ==> [/cptg/u4/jmschofi/.conda/envs/hmc/lib/gcc/x86_64-conda-linux-gnu/11.2.0/crtbegin.o]
  collapse obj [/nfs/cptg/u4/jmschofi/.conda/envs/hmc/bin/../lib/gcc/x86_64-conda-linux-gnu/11.2.0/crtend.o] ==> [/cptg/u4/jmschofi/.conda/envs/hmc/lib/gcc/x86_64-conda-linux-gnu/11.2.0/crtend.o]
  collapse obj [/nfs/cptg/u4/jmschofi/.conda/envs/hmc/bin/../x86_64-conda-linux-gnu/sysroot/usr/lib/../lib64/crtn.o] ==> [/cptg/u4/jmschofi/.conda/envs/hmc/x86_64-conda-linux-gnu/sysroot/usr/lib64/crtn.o]
  collapse library dir [/cptg/u4/jmschofi/.conda/envs/hmc/lib] ==> [/cptg/u4/jmschofi/.conda/envs/hmc/lib]
  collapse library dir [/nfs/cptg/u4/jmschofi/.conda/envs/hmc/bin/../lib/gcc/x86_64-conda-linux-gnu/11.2.0] ==> [/cptg/u4/jmschofi/.conda/envs/hmc/lib/gcc/x86_64-conda-linux-gnu/11.2.0]
  collapse library dir [/nfs/cptg/u4/jmschofi/.conda/envs/hmc/bin/../lib/gcc] ==> [/cptg/u4/jmschofi/.conda/envs/hmc/lib/gcc]
  collapse library dir [/nfs/cptg/u4/jmschofi/.conda/envs/hmc/bin/../lib/gcc/x86_64-conda-linux-gnu/11.2.0/../../../../x86_64-conda-linux-gnu/lib/../lib64] ==> [/cptg/u4/jmschofi/.conda/envs/hmc/x86_64-conda-linux-gnu/lib64]
  collapse library dir [/nfs/cptg/u4/jmschofi/.conda/envs/hmc/bin/../x86_64-conda-linux-gnu/sysroot/lib/../lib64] ==> [/cptg/u4/jmschofi/.conda/envs/hmc/x86_64-conda-linux-gnu/sysroot/lib64]
  collapse library dir [/nfs/cptg/u4/jmschofi/.conda/envs/hmc/bin/../x86_64-conda-linux-gnu/sysroot/usr/lib/../lib64] ==> [/cptg/u4/jmschofi/.conda/envs/hmc/x86_64-conda-linux-gnu/sysroot/usr/lib64]
  collapse library dir [/nfs/cptg/u4/jmschofi/.conda/envs/hmc/bin/../lib/gcc/x86_64-conda-linux-gnu/11.2.0/../../../../x86_64-conda-linux-gnu/lib] ==> [/cptg/u4/jmschofi/.conda/envs/hmc/x86_64-conda-linux-gnu/lib]
  collapse library dir [/nfs/cptg/u4/jmschofi/.conda/envs/hmc/bin/../x86_64-conda-linux-gnu/sysroot/lib] ==> [/cptg/u4/jmschofi/.conda/envs/hmc/x86_64-conda-linux-gnu/sysroot/lib]
  collapse library dir [/nfs/cptg/u4/jmschofi/.conda/envs/hmc/bin/../x86_64-conda-linux-gnu/sysroot/usr/lib] ==> [/cptg/u4/jmschofi/.conda/envs/hmc/x86_64-conda-linux-gnu/sysroot/usr/lib]
  implicit libs: [stdc++;m;gcc_s;gcc;c;gcc_s;gcc]
  implicit objs: [/cptg/u4/jmschofi/.conda/envs/hmc/x86_64-conda-linux-gnu/sysroot/usr/lib64/crt1.o;/cptg/u4/jmschofi/.conda/envs/hmc/x86_64-conda-linux-gnu/sysroot/usr/lib64/crti.o;/cptg/u4/jmschofi/.conda/envs/hmc/lib/gcc/x86_64-conda-linux-gnu/11.2.0/crtbegin.o;/cptg/u4/jmschofi/.conda/envs/hmc/lib/gcc/x86_64-conda-linux-gnu/11.2.0/crtend.o;/cptg/u4/jmschofi/.conda/envs/hmc/x86_64-conda-linux-gnu/sysroot/usr/lib64/crtn.o]
  implicit dirs: [/cptg/u4/jmschofi/.conda/envs/hmc/lib;/cptg/u4/jmschofi/.conda/envs/hmc/lib/gcc/x86_64-conda-linux-gnu/11.2.0;/cptg/u4/jmschofi/.conda/envs/hmc/lib/gcc;/cptg/u4/jmschofi/.conda/envs/hmc/x86_64-conda-linux-gnu/lib64;/cptg/u4/jmschofi/.conda/envs/hmc/x86_64-conda-linux-gnu/sysroot/lib64;/cptg/u4/jmschofi/.conda/envs/hmc/x86_64-conda-linux-gnu/sysroot/usr/lib64;/cptg/u4/jmschofi/.conda/envs/hmc/x86_64-conda-linux-gnu/lib;/cptg/u4/jmschofi/.conda/envs/hmc/x86_64-conda-linux-gnu/sysroot/lib;/cptg/u4/jmschofi/.conda/envs/hmc/x86_64-conda-linux-gnu/sysroot/usr/lib]
  implicit fwks: []


