git commit 3e1ea11ea1c3606e92d737881ed11a4cb9adfd02-DIRTY
Reading in input file hybridmc_3_1000000110_1010000110_1.8.h5
 Starting convergence loop with Sbias values = 3 2.03381 recorded distances = 1000
 Recording distances since size  = 1000  req_dists = 5000
entropy of 0 is 0.931172 with count 193
entropy of 1 is 0 with count 207
Acceptable uniform test: g_val 0.4901, g_crit 2.70554, p_val 0.483883
  Too few distances recorded for convergence: number is now 1400
Working on output_file: /nfs/cptg/u4/vrajesh/Documents/Margarita_project/hybridmc/examples/crambin/transition2/hybridmc_3_1000000110_1010000110_89/hybridmc_3_1000000110_1010000110.h5
 In iteration 0 fail_counter = 0 stateCount = 400 flips = 469 flip rate = 1.1725 must be greater than 1 done_flip = 1 done_g = 1
 Recording distances since size  = 1400  req_dists = 5000
entropy of 0 is 0.951175 with count 204
entropy of 1 is 0 with count 196
Acceptable uniform test: g_val 0.160011, g_crit 2.70554, p_val 0.689147
  Too few distances recorded for convergence: number is now 1800
Working on output_file: /nfs/cptg/u4/vrajesh/Documents/Margarita_project/hybridmc/examples/crambin/transition2/hybridmc_3_1000000110_1010000110_89/hybridmc_3_1000000110_1010000110.h5
 In iteration 1 fail_counter = 0 stateCount = 400 flips = 489 flip rate = 1.2225 must be greater than 1 done_flip = 1 done_g = 1
 Recording distances since size  = 1800  req_dists = 5000
entropy of 0 is 0.991196 with count 208
entropy of 1 is 0 with count 192
Acceptable uniform test: g_val 0.640171, g_crit 2.70554, p_val 0.423649
  Too few distances recorded for convergence: number is now 2200
Working on output_file: /nfs/cptg/u4/vrajesh/Documents/Margarita_project/hybridmc/examples/crambin/transition2/hybridmc_3_1000000110_1010000110_89/hybridmc_3_1000000110_1010000110.h5
 In iteration 2 fail_counter = 0 stateCount = 400 flips = 504 flip rate = 1.26 must be greater than 1 done_flip = 1 done_g = 1
 Recording distances since size  = 2200  req_dists = 5000
entropy of 0 is 1.0012 with count 202
entropy of 1 is 0 with count 198
Acceptable uniform test: g_val 0.0400007, g_crit 2.70554, p_val 0.841479
  Too few distances recorded for convergence: number is now 2600
Working on output_file: /nfs/cptg/u4/vrajesh/Documents/Margarita_project/hybridmc/examples/crambin/transition2/hybridmc_3_1000000110_1010000110_89/hybridmc_3_1000000110_1010000110.h5
 In iteration 3 fail_counter = 0 stateCount = 400 flips = 469 flip rate = 1.1725 must be greater than 1 done_flip = 1 done_g = 1
 Recording distances since size  = 2600  req_dists = 5000
entropy of 0 is 1.0162 with count 203
entropy of 1 is 0 with count 197
Acceptable uniform test: g_val 0.0900034, g_crit 2.70554, p_val 0.764173
  Too few distances recorded for convergence: number is now 3000
Working on output_file: /nfs/cptg/u4/vrajesh/Documents/Margarita_project/hybridmc/examples/crambin/transition2/hybridmc_3_1000000110_1010000110_89/hybridmc_3_1000000110_1010000110.h5
 In iteration 4 fail_counter = 0 stateCount = 400 flips = 500 flip rate = 1.25 must be greater than 1 done_flip = 1 done_g = 1
 Recording distances since size  = 3000  req_dists = 5000
entropy of 0 is 0.981183 with count 193
entropy of 1 is 0 with count 207
Acceptable uniform test: g_val 0.4901, g_crit 2.70554, p_val 0.483883
  Too few distances recorded for convergence: number is now 3400
Working on output_file: /nfs/cptg/u4/vrajesh/Documents/Margarita_project/hybridmc/examples/crambin/transition2/hybridmc_3_1000000110_1010000110_89/hybridmc_3_1000000110_1010000110.h5
 In iteration 5 fail_counter = 0 stateCount = 400 flips = 456 flip rate = 1.14 must be greater than 1 done_flip = 1 done_g = 1
 Recording distances since size  = 3400  req_dists = 5000
entropy of 0 is 0.946169 with count 193
entropy of 1 is 0 with count 207
Acceptable uniform test: g_val 0.4901, g_crit 2.70554, p_val 0.483883
  Too few distances recorded for convergence: number is now 3800
Working on output_file: /nfs/cptg/u4/vrajesh/Documents/Margarita_project/hybridmc/examples/crambin/transition2/hybridmc_3_1000000110_1010000110_89/hybridmc_3_1000000110_1010000110.h5
 In iteration 6 fail_counter = 0 stateCount = 400 flips = 465 flip rate = 1.1625 must be greater than 1 done_flip = 1 done_g = 1
 Recording distances since size  = 3800  req_dists = 5000
entropy of 0 is 0.9912 with count 209
entropy of 1 is 0 with count 191
Acceptable uniform test: g_val 0.810274, g_crit 2.70554, p_val 0.368039
  Too few distances recorded for convergence: number is now 4200
Working on output_file: /nfs/cptg/u4/vrajesh/Documents/Margarita_project/hybridmc/examples/crambin/transition2/hybridmc_3_1000000110_1010000110_89/hybridmc_3_1000000110_1010000110.h5
 In iteration 7 fail_counter = 0 stateCount = 400 flips = 503 flip rate = 1.2575 must be greater than 1 done_flip = 1 done_g = 1
 Recording distances since size  = 4200  req_dists = 5000
entropy of 0 is 0.941158 with count 190
entropy of 1 is 0 with count 210
Acceptable uniform test: g_val 1.00042, g_crit 2.70554, p_val 0.31721
  Too few distances recorded for convergence: number is now 4600
Working on output_file: /nfs/cptg/u4/vrajesh/Documents/Margarita_project/hybridmc/examples/crambin/transition2/hybridmc_3_1000000110_1010000110_89/hybridmc_3_1000000110_1010000110.h5
 In iteration 8 fail_counter = 0 stateCount = 400 flips = 473 flip rate = 1.1825 must be greater than 1 done_flip = 1 done_g = 1
 Recording distances since size  = 4600  req_dists = 5000
entropy of 0 is 0.981179 with count 208
entropy of 1 is 0 with count 192
Acceptable uniform test: g_val 0.640171, g_crit 2.70554, p_val 0.423649
Working on output_file: /nfs/cptg/u4/vrajesh/Documents/Margarita_project/hybridmc/examples/crambin/transition2/hybridmc_3_1000000110_1010000110_89/hybridmc_3_1000000110_1010000110.h5
 In iteration 9 fail_counter = 0 stateCount = 400 flips = 480 flip rate = 1.2 must be greater than 1 done_flip = 1 done_g = 1
The size of dist is 5000
